<?xml version="1.0" encoding="UTF-8"?>
<!-- Generated by org.testng.reporters.JUnitReportReporter -->
<testsuite skipped="0" hostname="DESKTOP-6NI868R" name="com.tests.AutoIT" tests="1" failures="0" timestamp="23 Feb 2020 12:36:59 GMT" time="23.477" errors="0">
  <testcase name="FileUploadTest" time="23.477" classname="com.tests.AutoIT"/>
</testsuite> <!-- com.tests.AutoIT -->
